mode: set
github.com/Set-Kaung/blitter/blitter.go:28.56,51.2 21 1
github.com/Set-Kaung/blitter/blitter.go:55.61,57.22 2 1
github.com/Set-Kaung/blitter/blitter.go:57.22,58.23 1 1
github.com/Set-Kaung/blitter/blitter.go:58.23,60.4 1 1
github.com/Set-Kaung/blitter/blitter.go:62.2,62.11 1 1
github.com/Set-Kaung/blitter/blitter.go:66.90,67.30 1 1
github.com/Set-Kaung/blitter/blitter.go:67.30,70.3 2 1
github.com/Set-Kaung/blitter/blitter.go:70.8,72.3 1 1
github.com/Set-Kaung/blitter/blitter.go:73.2,73.14 1 1
github.com/Set-Kaung/blitter/blitter.go:77.115,81.35 4 1
github.com/Set-Kaung/blitter/blitter.go:81.35,85.31 2 1
github.com/Set-Kaung/blitter/blitter.go:85.31,91.12 6 1
github.com/Set-Kaung/blitter/blitter.go:98.3,98.25 1 1
github.com/Set-Kaung/blitter/blitter.go:98.25,100.46 2 1
github.com/Set-Kaung/blitter/blitter.go:100.46,106.13 6 1
github.com/Set-Kaung/blitter/blitter.go:109.9,111.4 1 1
github.com/Set-Kaung/blitter/blitter.go:112.3,112.36 1 1
github.com/Set-Kaung/blitter/blitter.go:112.36,115.19 1 1
github.com/Set-Kaung/blitter/blitter.go:115.19,116.45 1 1
github.com/Set-Kaung/blitter/blitter.go:116.45,118.30 2 1
github.com/Set-Kaung/blitter/blitter.go:118.30,124.40 2 1
github.com/Set-Kaung/blitter/blitter.go:124.40,125.16 1 1
github.com/Set-Kaung/blitter/blitter.go:127.7,131.15 5 1
github.com/Set-Kaung/blitter/blitter.go:133.12,138.15 5 1
github.com/Set-Kaung/blitter/blitter.go:146.3,152.76 2 1
github.com/Set-Kaung/blitter/blitter.go:152.76,154.28 1 1
github.com/Set-Kaung/blitter/blitter.go:154.28,155.56 1 1
github.com/Set-Kaung/blitter/blitter.go:155.56,156.14 1 1
github.com/Set-Kaung/blitter/blitter.go:159.4,162.19 4 1
github.com/Set-Kaung/blitter/blitter.go:165.2,165.21 1 1
