mode: set
github.com/Set-Kaung/blitter/blitter.go:28.56,51.2 21 1
github.com/Set-Kaung/blitter/blitter.go:55.61,57.22 2 1
github.com/Set-Kaung/blitter/blitter.go:57.22,58.23 1 1
github.com/Set-Kaung/blitter/blitter.go:58.23,60.4 1 1
github.com/Set-Kaung/blitter/blitter.go:62.2,62.11 1 1
github.com/Set-Kaung/blitter/blitter.go:66.90,67.30 1 1
github.com/Set-Kaung/blitter/blitter.go:67.30,70.3 2 1
github.com/Set-Kaung/blitter/blitter.go:70.8,72.3 1 1
github.com/Set-Kaung/blitter/blitter.go:73.2,73.14 1 1
github.com/Set-Kaung/blitter/blitter.go:77.115,81.35 4 1
github.com/Set-Kaung/blitter/blitter.go:81.35,84.41 2 1
github.com/Set-Kaung/blitter/blitter.go:84.41,85.12 1 1
github.com/Set-Kaung/blitter/blitter.go:89.3,89.31 1 1
github.com/Set-Kaung/blitter/blitter.go:89.31,95.12 6 1
github.com/Set-Kaung/blitter/blitter.go:102.3,102.25 1 1
github.com/Set-Kaung/blitter/blitter.go:102.25,104.46 2 1
github.com/Set-Kaung/blitter/blitter.go:104.46,110.13 6 1
github.com/Set-Kaung/blitter/blitter.go:113.9,115.4 1 1
github.com/Set-Kaung/blitter/blitter.go:116.3,116.36 1 1
github.com/Set-Kaung/blitter/blitter.go:116.36,119.19 1 1
github.com/Set-Kaung/blitter/blitter.go:119.19,120.45 1 1
github.com/Set-Kaung/blitter/blitter.go:120.45,122.30 2 1
github.com/Set-Kaung/blitter/blitter.go:122.30,128.40 2 1
github.com/Set-Kaung/blitter/blitter.go:128.40,129.16 1 1
github.com/Set-Kaung/blitter/blitter.go:131.7,135.15 5 1
github.com/Set-Kaung/blitter/blitter.go:137.12,142.15 5 1
github.com/Set-Kaung/blitter/blitter.go:150.3,156.76 2 1
github.com/Set-Kaung/blitter/blitter.go:156.76,158.28 1 1
github.com/Set-Kaung/blitter/blitter.go:158.28,159.56 1 1
github.com/Set-Kaung/blitter/blitter.go:159.56,160.14 1 1
github.com/Set-Kaung/blitter/blitter.go:163.4,166.19 4 1
github.com/Set-Kaung/blitter/blitter.go:169.2,169.21 1 1
